01-31 09:51:47 replicate_layout.action_replicate_layout 305:Plugin executed on: 'darwin'
01-31 09:51:47 replicate_layout.action_replicate_layout 306:Plugin executed with python version: '3.8.2 (v3.8.2:7b3ab5921f, Feb 24 2020, 17:52:18) \n[Clang 6.0 (clang-600.0.57)]'
01-31 09:51:47 replicate_layout.action_replicate_layout 307:KiCad build version: (6.0.4-0)
01-31 09:51:47 replicate_layout.action_replicate_layout 308:Replicate layout plugin version: 77 started
01-31 09:51:47 replicate_layout.action_replicate_layout 339:Preparing replicator with U1 as a reference
01-31 09:51:47 replicate_layout.replicatelayout 141:getting a list of all footprints on board
01-31 09:51:47 replicate_layout.replicatelayout 162:total modules:44
01-31 09:51:47 replicate_layout.action_replicate_layout 366:source anchor footprint is 'U1'
Located on:['channel']
With filenames:['vm130-channel.kicad_sch']
With sheet_id:['channel']
01-31 09:51:47 replicate_layout.action_replicate_layout 371:Corresponding footprints are 
[('U4', ['channel3']), ('U3', ['channel2']), ('U2', ['channel1']), ('U1', ['channel'])]
01-31 09:51:47 replicate_layout.action_replicate_layout 384:Showing dialog
01-31 09:51:47 replicate_layout.action_replicate_layout 388:Pcbnew position: wx.Point(0, 23)
01-31 09:51:47 replicate_layout.action_replicate_layout 394:Display 0: wx.Rect(0, 0, 1792, 1120)
01-31 09:51:47 replicate_layout.action_replicate_layout 398:Toolbar position: wx.Point(1758, 79)
01-31 09:51:47 replicate_layout.action_replicate_layout 405:Dialog position: wx.Point(1445, 79)
01-31 09:51:50 replicate_layout.replicatelayout 177:construcing a list of sheets suitable for replication on level:'channel', file:'vm130-channel.kicad_sch'
01-31 09:51:50 replicate_layout.replicatelayout 184:Source sheet path up to the level:['channel']
01-31 09:51:50 replicate_layout.replicatelayout 188:Footprints on the sheets:
['U4', 'U3', 'U2', 'U1']
01-31 09:51:50 replicate_layout.replicatelayout 191:Footprints raw sheet ids:
['/72ac35b2-cd3a-447b-a0a2-c47ee026d9b4/c5339fa8-fd4e-455a-aeff-6d7c52c8524b', '/8c5a7a84-020f-42a0-b5ee-6e7cf02b0290/c5339fa8-fd4e-455a-aeff-6d7c52c8524b', '/e4d5c4d8-e71a-41ec-9a25-22430977e163/c5339fa8-fd4e-455a-aeff-6d7c52c8524b', '/eff47227-fc93-4b94-8acf-b106097fdbf2/c5339fa8-fd4e-455a-aeff-6d7c52c8524b']
01-31 09:51:50 replicate_layout.replicatelayout 207:All sheets to replicate:
[['channel3'], ['channel2'], ['channel1'], ['channel']]
01-31 09:51:50 replicate_layout.replicatelayout 212:All sheets to replicate sorted:
[['channel'], ['channel1'], ['channel2'], ['channel3']]
01-31 09:51:50 replicate_layout.replicatelayout 218:All sheets to replicate sorted and without source sheet:
[['channel1'], ['channel2'], ['channel3']]
01-31 09:51:53 replicate_layout.replicatelayout 177:construcing a list of sheets suitable for replication on level:'channel', file:'vm130-channel.kicad_sch'
01-31 09:51:53 replicate_layout.replicatelayout 184:Source sheet path up to the level:['channel']
01-31 09:51:53 replicate_layout.replicatelayout 188:Footprints on the sheets:
['U4', 'U3', 'U2', 'U1']
01-31 09:51:53 replicate_layout.replicatelayout 191:Footprints raw sheet ids:
['/72ac35b2-cd3a-447b-a0a2-c47ee026d9b4/c5339fa8-fd4e-455a-aeff-6d7c52c8524b', '/8c5a7a84-020f-42a0-b5ee-6e7cf02b0290/c5339fa8-fd4e-455a-aeff-6d7c52c8524b', '/e4d5c4d8-e71a-41ec-9a25-22430977e163/c5339fa8-fd4e-455a-aeff-6d7c52c8524b', '/eff47227-fc93-4b94-8acf-b106097fdbf2/c5339fa8-fd4e-455a-aeff-6d7c52c8524b']
01-31 09:51:53 replicate_layout.replicatelayout 207:All sheets to replicate:
[['channel3'], ['channel2'], ['channel1'], ['channel']]
01-31 09:51:53 replicate_layout.replicatelayout 212:All sheets to replicate sorted:
[['channel'], ['channel1'], ['channel2'], ['channel3']]
01-31 09:51:53 replicate_layout.replicatelayout 218:All sheets to replicate sorted and without source sheet:
[['channel1'], ['channel2'], ['channel3']]
01-31 09:51:53 replicate_layout.action_replicate_layout 179:Replicating layout
01-31 09:51:53 replicate_layout.replicatelayout 927:Starting replication of sheets: [['channel1'], ['channel2'], ['channel3']]
on level: ['channel']
with tracks=True, zone=True, text=True, containing=True, remove=False, locked=False
01-31 09:51:53 root 261:updating GUI message: 'Preparing for replication'
01-31 09:51:53 root 266:updating GUI with: 0
01-31 09:51:53 replicate_layout.replicatelayout 491:Getting the list of source footprints
01-31 09:51:53 root 266:updating GUI with: 0
01-31 09:51:53 replicate_layout.replicatelayout 495:Getting the list of all the remaining footprints
01-31 09:51:53 replicate_layout.replicatelayout 499:Getting nets local to source footprints
01-31 09:51:53 replicate_layout.replicatelayout 503:Getting source bounding box
01-31 09:51:53 replicate_layout.replicatelayout 507:Getting source tracks
01-31 09:51:53 replicate_layout.replicatelayout 511:Getting source zones
01-31 09:51:53 replicate_layout.replicatelayout 515:Getting source text items
01-31 09:51:53 replicate_layout.replicatelayout 519:Getting source text items
01-31 09:51:53 root 261:updating GUI message: 'Replicating footprints'
01-31 09:51:53 replicate_layout.replicatelayout 525:Replicating footprints
01-31 09:51:53 replicate_layout.replicatelayout 531:Replicating footprints on sheet ['channel1']
01-31 09:51:53 root 266:updating GUI with: 12
01-31 09:51:53 replicate_layout.replicatelayout 531:Replicating footprints on sheet ['channel2']
01-31 09:51:53 replicate_layout.replicatelayout 531:Replicating footprints on sheet ['channel3']
01-31 09:51:53 root 261:updating GUI message: 'Replicating tracks'
01-31 09:51:53 replicate_layout.replicatelayout 657:Replicating tracks
01-31 09:51:53 root 266:updating GUI with: 0
01-31 09:51:53 replicate_layout.replicatelayout 663:Replicating tracks on sheet ['channel1']
01-31 09:51:53 replicate_layout.replicatelayout 663:Replicating tracks on sheet ['channel2']
01-31 09:51:53 replicate_layout.replicatelayout 663:Replicating tracks on sheet ['channel3']
01-31 09:51:53 root 261:updating GUI message: 'Replicating zones'
01-31 09:51:53 replicate_layout.replicatelayout 708:Replicating zones
01-31 09:51:53 replicate_layout.replicatelayout 715:Replicating zones on sheet ['channel1']
01-31 09:51:53 replicate_layout.replicatelayout 715:Replicating zones on sheet ['channel2']
01-31 09:51:53 replicate_layout.replicatelayout 715:Replicating zones on sheet ['channel3']
01-31 09:51:53 root 261:updating GUI message: 'Replicating text'
01-31 09:51:53 replicate_layout.replicatelayout 773:Replicating text
01-31 09:51:53 root 266:updating GUI with: 0
01-31 09:51:53 replicate_layout.replicatelayout 780:Replicating text on sheet ['channel1']
01-31 09:51:53 replicate_layout.replicatelayout 780:Replicating text on sheet ['channel2']
01-31 09:51:53 replicate_layout.replicatelayout 780:Replicating text on sheet ['channel3']
01-31 09:51:53 root 261:updating GUI message: 'Replicating drawings'
01-31 09:51:53 replicate_layout.replicatelayout 804:Replicating drawings
01-31 09:51:53 replicate_layout.replicatelayout 810:Replicating drawings on sheet ['channel1']
01-31 09:51:53 replicate_layout.replicatelayout 810:Replicating drawings on sheet ['channel2']
01-31 09:51:53 replicate_layout.replicatelayout 810:Replicating drawings on sheet ['channel3']
01-31 09:51:53 replicate_layout.action_replicate_layout 201:Replication complete
