01-01 19:18:29 replicate_layout.action_replicate_layout 305:Plugin executed on: 'darwin'
01-01 19:18:29 replicate_layout.action_replicate_layout 306:Plugin executed with python version: '2.7.16 (default, Nov 25 2019, 22:14:07) \n[GCC 4.2.1 Compatible Apple LLVM 9.0.0 (clang-900.0.39.2)]'
01-01 19:18:29 replicate_layout.action_replicate_layout 307:KiCad build version: Unknown
01-01 19:18:29 replicate_layout.action_replicate_layout 308:Replicate layout plugin version: 68 started
01-01 19:18:29 replicate_layout.action_replicate_layout 319:wx top level windows: wxWindowList: [<wx._windows.Frame; proxy of <Swig Object of type 'wxFrame *' at 0x7fab58071a00> >, <wx._windows.MiniFrame; proxy of <Swig Object of type 'wxMiniFrame *' at 0x7fab5991c3c0> >, <wx._windows.Frame; proxy of <Swig Object of type 'wxFrame *' at 0x7fab58155c00> >, <wx._windows.MiniFrame; proxy of <Swig Object of type 'wxMiniFrame *' at 0x7fab57e47810> >, <wx._windows.Frame; proxy of <Swig Object of type 'wxFrame *' at 0x7fab587dcc00> >, <wx._windows.MiniFrame; proxy of <Swig Object of type 'wxMiniFrame *' at 0x7fab4f72f320> >, <wx._windows.MiniFrame; proxy of <Swig Object of type 'wxMiniFrame *' at 0x7fab5986ba90> >]
01-01 19:18:29 replicate_layout.action_replicate_layout 343:Preparing replicator with RV1001 as a reference
01-01 19:18:29 replicate_layout.replicatelayout 215:getting project hierarchy from schematics
01-01 19:18:29 replicate_layout.replicatelayout 217:Project hierarchy looks like:
{u'5FF41CD7': [u'Levelmeter', u'/Users/me/Documents/development/vmix/vm101-inout/vm101-levelmeter.sch'], u'5FA7E734': [u'MixUnit2', u'/Users/me/Documents/development/vmix/vm101-inout/vm101-mixunit.sch'], u'5FA6FAA9': [u'MixUnit1', u'/Users/me/Documents/development/vmix/vm101-inout/vm101-mixunit.sch'], u'5FF12D61': [u'Mechanicals', u'/Users/me/Documents/development/vmix/vm101-inout/vm101-mechanical.sch'], u'5FA8A96F': [u'MixUnit4', u'/Users/me/Documents/development/vmix/vm101-inout/vm101-mixunit.sch'], u'5FE939A9': [u'Input-Clamp', u'/Users/me/Documents/development/vmix/vm101-inout/vm101-clamp.sch'], u'5FED65BF': [u'Resyncer', u'/Users/me/Documents/development/vmix/vm101-inout/vm101-resync.sch'], u'5FECEEFB': [u'Mixer', u'/Users/me/Documents/development/vmix/vm101-inout/vm101-mixer.sch'], u'5FA82020': [u'MixUnit3', u'/Users/me/Documents/development/vmix/vm101-inout/vm101-mixunit.sch']}
01-01 19:18:29 replicate_layout.replicatelayout 225:getting a list of all footprints on board
01-01 19:18:29 replicate_layout.action_replicate_layout 370:source anchor footprint is u'RV1001'
Located on:[u'Mixer', u'MixUnit1']
With filenames:[u'vm101-mixer.sch', u'vm101-mixunit.sch']
With sheet_id:[u'Mixer', u'MixUnit1']
01-01 19:18:29 replicate_layout.action_replicate_layout 374:Corresponding footprints are 
[(u'RV1001', [u'Mixer', u'MixUnit1']), (u'RV901', [u'Mixer', u'MixUnit4']), (u'RV801', [u'Mixer', u'MixUnit3']), (u'RV701', [u'Mixer', u'MixUnit2'])]
01-01 19:18:29 replicate_layout.action_replicate_layout 387:Showing dialog
01-01 19:18:29 replicate_layout.action_replicate_layout 391:Pcbnew position: wx.Point(0, 23)
01-01 19:18:29 replicate_layout.action_replicate_layout 397:Display 0: wx.Rect(0, 0, 1792, 1120)
01-01 19:18:29 replicate_layout.action_replicate_layout 401:Toolbar position: wx.Point(859, 123)
01-01 19:18:29 replicate_layout.action_replicate_layout 408:Dialog position: wx.Point(546, 123)
01-01 19:18:35 replicate_layout.replicatelayout 249:construcing a list of sheets suitable for replication on level:u'MixUnit1', file:u'vm101-mixunit.sch'
01-01 19:18:35 replicate_layout.replicatelayout 256:Source sheet path up to the level:[u'Mixer', u'MixUnit1']
01-01 19:18:35 replicate_layout.replicatelayout 260:Footprints on the sheets:
[u'RV1001', u'RV901', u'RV801', u'RV701']
01-01 19:18:35 replicate_layout.replicatelayout 263:Footprints raw sheet ids:
[u'/5FECEEFB/5FA6FAA9/5DD8D848', u'/5FECEEFB/5FA8A96F/5DD8D848', u'/5FECEEFB/5FA82020/5DD8D848', u'/5FECEEFB/5FA7E734/5DD8D848']
01-01 19:18:35 replicate_layout.replicatelayout 279:All sheets to replicate:
[[u'Mixer', u'MixUnit1'], [u'Mixer', u'MixUnit4'], [u'Mixer', u'MixUnit3'], [u'Mixer', u'MixUnit2']]
01-01 19:18:35 replicate_layout.replicatelayout 284:All sheets to replicate sorted:
[[u'Mixer', u'MixUnit1'], [u'Mixer', u'MixUnit2'], [u'Mixer', u'MixUnit3'], [u'Mixer', u'MixUnit4']]
01-01 19:18:35 replicate_layout.replicatelayout 290:All sheets to replicate sorted and without source sheet:
[[u'Mixer', u'MixUnit2'], [u'Mixer', u'MixUnit3'], [u'Mixer', u'MixUnit4']]
01-01 19:18:39 replicate_layout.replicatelayout 249:construcing a list of sheets suitable for replication on level:u'MixUnit1', file:u'vm101-mixunit.sch'
01-01 19:18:39 replicate_layout.replicatelayout 256:Source sheet path up to the level:[u'Mixer', u'MixUnit1']
01-01 19:18:39 replicate_layout.replicatelayout 260:Footprints on the sheets:
[u'RV1001', u'RV901', u'RV801', u'RV701']
01-01 19:18:39 replicate_layout.replicatelayout 263:Footprints raw sheet ids:
[u'/5FECEEFB/5FA6FAA9/5DD8D848', u'/5FECEEFB/5FA8A96F/5DD8D848', u'/5FECEEFB/5FA82020/5DD8D848', u'/5FECEEFB/5FA7E734/5DD8D848']
01-01 19:18:39 replicate_layout.replicatelayout 279:All sheets to replicate:
[[u'Mixer', u'MixUnit1'], [u'Mixer', u'MixUnit4'], [u'Mixer', u'MixUnit3'], [u'Mixer', u'MixUnit2']]
01-01 19:18:39 replicate_layout.replicatelayout 284:All sheets to replicate sorted:
[[u'Mixer', u'MixUnit1'], [u'Mixer', u'MixUnit2'], [u'Mixer', u'MixUnit3'], [u'Mixer', u'MixUnit4']]
01-01 19:18:39 replicate_layout.replicatelayout 290:All sheets to replicate sorted and without source sheet:
[[u'Mixer', u'MixUnit2'], [u'Mixer', u'MixUnit3'], [u'Mixer', u'MixUnit4']]
01-01 19:18:39 replicate_layout.action_replicate_layout 179:Replicating layout
01-01 19:18:39 replicate_layout.replicatelayout 990:Starting replication of sheets: [[u'Mixer', u'MixUnit2'], [u'Mixer', u'MixUnit3'], [u'Mixer', u'MixUnit4']]
on level: [u'Mixer', u'MixUnit1']
with tracks=True, zone=True, text=True, containing=True, remove=False, locked=False
01-01 19:18:39 root 261:updating GUI message: 'Preparing for replication'
01-01 19:18:39 root 266:updating GUI with: 0
01-01 19:18:39 replicate_layout.replicatelayout 556:Getting the list of source footprints
01-01 19:18:39 root 266:updating GUI with: 0
01-01 19:18:39 replicate_layout.replicatelayout 560:Getting the list of all the remaining footprints
01-01 19:18:39 replicate_layout.replicatelayout 564:Getting nets local to source footprints
01-01 19:18:39 replicate_layout.replicatelayout 568:Getting source bounding box
01-01 19:18:39 root 266:updating GUI with: 37
01-01 19:18:39 replicate_layout.replicatelayout 572:Getting source tracks
01-01 19:18:39 replicate_layout.replicatelayout 576:Getting source zones
01-01 19:18:39 root 266:updating GUI with: 62
01-01 19:18:39 replicate_layout.replicatelayout 580:Getting source text items
01-01 19:18:39 replicate_layout.replicatelayout 584:Getting source text items
01-01 19:18:39 root 266:updating GUI with: 87
01-01 19:18:40 root 266:updating GUI with: 100
01-01 19:18:40 root 261:updating GUI message: 'Replicating footprints'
01-01 19:18:40 replicate_layout.replicatelayout 590:Replicating footprints
01-01 19:18:40 root 266:updating GUI with: 0
01-01 19:18:40 replicate_layout.replicatelayout 596:Replicating footprints on sheet [u'Mixer', u'MixUnit2']
01-01 19:18:40 root 266:updating GUI with: 13
01-01 19:18:40 root 266:updating GUI with: 29
01-01 19:18:40 replicate_layout.replicatelayout 596:Replicating footprints on sheet [u'Mixer', u'MixUnit3']
01-01 19:18:40 root 266:updating GUI with: 47
01-01 19:18:40 root 266:updating GUI with: 66
01-01 19:18:40 replicate_layout.replicatelayout 596:Replicating footprints on sheet [u'Mixer', u'MixUnit4']
01-01 19:18:40 root 266:updating GUI with: 86
01-01 19:18:40 root 261:updating GUI message: 'Replicating tracks'
01-01 19:18:40 replicate_layout.replicatelayout 716:Replicating tracks
01-01 19:18:40 replicate_layout.replicatelayout 722:Replicating tracks on sheet [u'Mixer', u'MixUnit2']
01-01 19:18:40 root 266:updating GUI with: 0
01-01 19:18:40 replicate_layout.replicatelayout 722:Replicating tracks on sheet [u'Mixer', u'MixUnit3']
01-01 19:18:40 root 266:updating GUI with: 33
01-01 19:18:40 replicate_layout.replicatelayout 722:Replicating tracks on sheet [u'Mixer', u'MixUnit4']
01-01 19:18:40 root 266:updating GUI with: 66
01-01 19:18:40 root 261:updating GUI message: 'Replicating zones'
01-01 19:18:40 replicate_layout.replicatelayout 767:Replicating zones
01-01 19:18:40 replicate_layout.replicatelayout 774:Replicating zones on sheet [u'Mixer', u'MixUnit2']
01-01 19:18:40 root 266:updating GUI with: 33
01-01 19:18:40 replicate_layout.replicatelayout 774:Replicating zones on sheet [u'Mixer', u'MixUnit3']
01-01 19:18:40 replicate_layout.replicatelayout 774:Replicating zones on sheet [u'Mixer', u'MixUnit4']
01-01 19:18:40 root 261:updating GUI message: 'Replicating text'
01-01 19:18:40 root 266:updating GUI with: 0
01-01 19:18:40 replicate_layout.replicatelayout 833:Replicating text
01-01 19:18:40 replicate_layout.replicatelayout 840:Replicating text on sheet [u'Mixer', u'MixUnit2']
01-01 19:18:40 replicate_layout.replicatelayout 840:Replicating text on sheet [u'Mixer', u'MixUnit3']
01-01 19:18:40 replicate_layout.replicatelayout 840:Replicating text on sheet [u'Mixer', u'MixUnit4']
01-01 19:18:40 root 261:updating GUI message: 'Replicating drawings'
01-01 19:18:40 replicate_layout.replicatelayout 864:Replicating drawings
01-01 19:18:40 replicate_layout.replicatelayout 870:Replicating drawings on sheet [u'Mixer', u'MixUnit2']
01-01 19:18:40 root 266:updating GUI with: 4
01-01 19:18:40 root 266:updating GUI with: 10
01-01 19:18:40 root 266:updating GUI with: 16
01-01 19:18:40 root 266:updating GUI with: 21
01-01 19:18:40 root 266:updating GUI with: 27
01-01 19:18:40 replicate_layout.replicatelayout 870:Replicating drawings on sheet [u'Mixer', u'MixUnit3']
01-01 19:18:40 root 266:updating GUI with: 33
01-01 19:18:40 root 266:updating GUI with: 39
01-01 19:18:40 root 266:updating GUI with: 45
01-01 19:18:40 root 266:updating GUI with: 51
01-01 19:18:40 root 266:updating GUI with: 57
01-01 19:18:40 root 266:updating GUI with: 63
01-01 19:18:40 replicate_layout.replicatelayout 870:Replicating drawings on sheet [u'Mixer', u'MixUnit4']
01-01 19:18:40 root 266:updating GUI with: 69
01-01 19:18:40 root 266:updating GUI with: 76
01-01 19:18:40 root 266:updating GUI with: 81
01-01 19:18:40 root 266:updating GUI with: 88
01-01 19:18:40 root 266:updating GUI with: 94
01-01 19:18:40 replicate_layout.action_replicate_layout 201:Replication complete
